2018-07-31 18:24:32 [Information] default_form_post.phpより管理者向け通知メールを送信しました。 post_redirect=/nursery-school-contact.html?state=true#nursery-school-form,post_redirect_error=/nursery-school-contact.html?state=false#nursery-school-form,kana=-,tel=-,age=-,other1=-,other2=-,other3=-,name=ひよこ,mail_address=kanae.kawakami@systems.tocca-net.jp,other=aaaあああ,submit=この内容で問い合せる
2018-07-31 18:24:32 [Information] default_form_post.phpよりサンクスメールを送信しました。 post_redirect=/nursery-school-contact.html?state=true#nursery-school-form,post_redirect_error=/nursery-school-contact.html?state=false#nursery-school-form,kana=-,tel=-,age=-,other1=-,other2=-,other3=-,name=ひよこ,mail_address=kanae.kawakami@systems.tocca-net.jp,other=aaaあああ,submit=この内容で問い合せる
2018-07-31 18:26:23 [Information] default_form_post.phpより管理者向け通知メールを送信しました。 post_redirect=/nursery-school-contact.html?state=true#nursery-school-form,post_redirect_error=/nursery-school-contact.html?state=false#nursery-school-form,kana=-,tel=-,age=-,other1=-,other2=-,other3=-,name=ひよこ,mail_address=kanae.kawakami@systems.tocca-net.jp,other=あああ,submit=この内容で問い合せる
2018-07-31 18:26:23 [Information] default_form_post.phpよりサンクスメールを送信しました。 post_redirect=/nursery-school-contact.html?state=true#nursery-school-form,post_redirect_error=/nursery-school-contact.html?state=false#nursery-school-form,kana=-,tel=-,age=-,other1=-,other2=-,other3=-,name=ひよこ,mail_address=kanae.kawakami@systems.tocca-net.jp,other=あああ,submit=この内容で問い合せる
2018-07-31 18:26:47 [Information] default_form_post.phpより管理者向け通知メールを送信しました。 post_redirect=/after-school-contact.html?state=true#after-school-contact_form,post_redirect_error=/after-school-contact.html?state=false#after-school-form,kana=-,tel=-,age=-,other1=-,other2=-,other3=-,name=ひよこ,mail_address=kanae.kawakami@systems.tocca-net.jp,other=あああ,submit=この内容で問い合せる
2018-07-31 18:26:47 [Information] default_form_post.phpよりサンクスメールを送信しました。 post_redirect=/after-school-contact.html?state=true#after-school-contact_form,post_redirect_error=/after-school-contact.html?state=false#after-school-form,kana=-,tel=-,age=-,other1=-,other2=-,other3=-,name=ひよこ,mail_address=kanae.kawakami@systems.tocca-net.jp,other=あああ,submit=この内容で問い合せる
2018-07-31 18:28:26 [Information] default_form_post.phpより管理者向け通知メールを送信しました。 post_redirect=/after-school-contact.html?state=true#after-school-contact_form,post_redirect_error=/after-school-contact.html?state=false#after-school-form,kana=-,tel=-,age=-,other1=-,other2=-,other3=-,name=ひよこ,mail_address=kanae.kawakami@systems.tocca-net.jp,other=aaa,submit=この内容で問い合せる
2018-07-31 18:28:26 [Information] default_form_post.phpよりサンクスメールを送信しました。 post_redirect=/after-school-contact.html?state=true#after-school-contact_form,post_redirect_error=/after-school-contact.html?state=false#after-school-form,kana=-,tel=-,age=-,other1=-,other2=-,other3=-,name=ひよこ,mail_address=kanae.kawakami@systems.tocca-net.jp,other=aaa,submit=この内容で問い合せる
2018-07-31 18:29:04 [Information] default_form_post.phpより管理者向け通知メールを送信しました。 post_redirect=/nursery-school-contact.html?state=true#nursery-school-form,post_redirect_error=/nursery-school-contact.html?state=false#nursery-school-form,kana=-,tel=-,age=-,other1=-,other2=-,other3=-,name=ひよこ,mail_address=kanae.kawakami@systems.tocca-net.jp,other=aaaa,submit=この内容で問い合せる
2018-07-31 18:29:04 [Information] default_form_post.phpよりサンクスメールを送信しました。 post_redirect=/nursery-school-contact.html?state=true#nursery-school-form,post_redirect_error=/nursery-school-contact.html?state=false#nursery-school-form,kana=-,tel=-,age=-,other1=-,other2=-,other3=-,name=ひよこ,mail_address=kanae.kawakami@systems.tocca-net.jp,other=aaaa,submit=この内容で問い合せる
2018-07-31 18:30:02 [Information] コンテンツを更新しました。 content_id=110119,user_id=1,name=サイト管理者
2018-07-31 18:30:02 [Information] コンテンツをアーカイブしました。 content_id=110119,user_id=1,name=サイト管理者
2018-07-31 18:30:02 [Information] コンテンツを公開しました。 content_id=110119,user_id=1,name=サイト管理者
2018-07-31 18:31:06 [Information] default_form_post.phpより管理者向け通知メールを送信しました。 post_redirect=/nursery-school-contact.html?state=true#nursery-school-form,post_redirect_error=/nursery-school-contact.html?state=false#nursery-school-form,kana=-,tel=-,age=-,other1=-,other2=-,other3=-,name=ひよこ,mail_address=kanae.kawakami@systems.tocca-net.jp,other=aaaa,submit=この内容で問い合せる
2018-07-31 18:31:06 [Information] default_form_post.phpよりサンクスメールを送信しました。 post_redirect=/nursery-school-contact.html?state=true#nursery-school-form,post_redirect_error=/nursery-school-contact.html?state=false#nursery-school-form,kana=-,tel=-,age=-,other1=-,other2=-,other3=-,name=ひよこ,mail_address=kanae.kawakami@systems.tocca-net.jp,other=aaaa,submit=この内容で問い合せる
2018-07-31 18:31:28 [Information] default_form_post.phpより管理者向け通知メールを送信しました。 post_redirect=/nursery-school-contact.html?state=true#nursery-school-form,post_redirect_error=/nursery-school-contact.html?state=false#nursery-school-form,kana=-,tel=-,age=-,other1=-,other2=-,other3=-,name=ひよこ,mail_address=kanae.kawakami@systems.tocca-net.jp,other=保育園,submit=この内容で問い合せる
2018-07-31 18:31:28 [Information] default_form_post.phpよりサンクスメールを送信しました。 post_redirect=/nursery-school-contact.html?state=true#nursery-school-form,post_redirect_error=/nursery-school-contact.html?state=false#nursery-school-form,kana=-,tel=-,age=-,other1=-,other2=-,other3=-,name=ひよこ,mail_address=kanae.kawakami@systems.tocca-net.jp,other=保育園,submit=この内容で問い合せる
2018-07-31 18:32:55 [Information] default_form_post.phpより管理者向け通知メールを送信しました。 post_redirect=/after-school-contact.html?state=true#after-school-form,post_redirect_error=/after-school-contact.html?state=false#after-school-form,kana=-,tel=-,age=-,other1=-,other2=-,other3=-,name=ひよこ,mail_address=kanae.kawakami@systems.tocca-net.jp,other=学童,submit=この内容で問い合せる
2018-07-31 18:32:55 [Information] default_form_post.phpよりサンクスメールを送信しました。 post_redirect=/after-school-contact.html?state=true#after-school-form,post_redirect_error=/after-school-contact.html?state=false#after-school-form,kana=-,tel=-,age=-,other1=-,other2=-,other3=-,name=ひよこ,mail_address=kanae.kawakami@systems.tocca-net.jp,other=学童,submit=この内容で問い合せる
2018-07-31 18:42:25 [Information] default_form_post.phpより管理者向け通知メールを送信しました。 post_redirect=/nursery-school-contact.html?state=true#nursery-school-form,post_redirect_error=/nursery-school-contact.html?state=false#nursery-school-form,kana=-,tel=-,age=-,other1=-,other2=-,other3=-,name=ひよこ,mail_address=kanae.kawakami@systems.tocca-net.jp,other=テスト,submit=この内容で問い合せる
2018-07-31 18:42:25 [Information] default_form_post.phpよりサンクスメールを送信しました。 post_redirect=/nursery-school-contact.html?state=true#nursery-school-form,post_redirect_error=/nursery-school-contact.html?state=false#nursery-school-form,kana=-,tel=-,age=-,other1=-,other2=-,other3=-,name=ひよこ,mail_address=kanae.kawakami@systems.tocca-net.jp,other=テスト,submit=この内容で問い合せる
2018-07-31 18:46:22 [Information] default_form_post.phpより管理者向け通知メールを送信しました。 post_redirect=/nursery-school-contact.html?state=true#nursery-school-form,post_redirect_error=/nursery-school-contact.html?state=false#nursery-school-form,kana=-,tel=-,age=-,other1=-,other2=-,other3=-,name=ひよこ,mail_address=kanae.kawakami@systems.tocca-net.jp,other=あいう,submit=この内容で問い合せる
2018-07-31 18:46:22 [Information] default_form_post.phpよりサンクスメールを送信しました。 post_redirect=/nursery-school-contact.html?state=true#nursery-school-form,post_redirect_error=/nursery-school-contact.html?state=false#nursery-school-form,kana=-,tel=-,age=-,other1=-,other2=-,other3=-,name=ひよこ,mail_address=kanae.kawakami@systems.tocca-net.jp,other=あいう,submit=この内容で問い合せる
2018-07-31 18:50:02 [Information] default_form_post.phpより管理者向け通知メールを送信しました。 post_redirect=/nursery-school-contact.html?state=true#nursery-school-form,post_redirect_error=/nursery-school-contact.html?state=false#nursery-school-form,kana=-,tel=-,age=-,other1=-,other2=-,other3=-,name=ひよこ,mail_address=kanae.kawakami@systems.tocca-net.jp,other=aaa
あああ,submit=この内容で問い合せる
2018-07-31 18:50:02 [Information] default_form_post.phpよりサンクスメールを送信しました。 post_redirect=/nursery-school-contact.html?state=true#nursery-school-form,post_redirect_error=/nursery-school-contact.html?state=false#nursery-school-form,kana=-,tel=-,age=-,other1=-,other2=-,other3=-,name=ひよこ,mail_address=kanae.kawakami@systems.tocca-net.jp,other=aaa
あああ,submit=この内容で問い合せる
2018-07-31 18:50:20 [Information] default_form_post.phpより管理者向け通知メールを送信しました。 post_redirect=/after-school-contact.html?state=true#after-school-form,post_redirect_error=/after-school-contact.html?state=false#after-school-form,kana=-,tel=-,age=-,other1=-,other2=-,other3=-,name=あいう,mail_address=kanae.kawakami@systems.tocca-net.jp,other=あああ
学童,submit=この内容で問い合せる
2018-07-31 18:50:20 [Information] default_form_post.phpよりサンクスメールを送信しました。 post_redirect=/after-school-contact.html?state=true#after-school-form,post_redirect_error=/after-school-contact.html?state=false#after-school-form,kana=-,tel=-,age=-,other1=-,other2=-,other3=-,name=あいう,mail_address=kanae.kawakami@systems.tocca-net.jp,other=あああ
学童,submit=この内容で問い合せる
